Flow report for DE10_Nano_Bal
<<<<<<< HEAD
Wed Sep 04 23:02:49 2019
=======
Thu Sep 05 13:58:48 2019
>>>>>>> Add direction control
Quartus Prime Version 18.1.0 Build 625 09/12/2018 SJ Lite Edition


---------------------
; Table of Contents ;
---------------------
  1. Legal Notice
  2. Flow Summary
  3. Flow Settings
  4. Flow Non-Default Global Settings
  5. Flow Elapsed Time
  6. Flow OS Summary
  7. Flow Log
  8. Flow Messages
  9. Flow Suppressed Messages



----------------
; Legal Notice ;
----------------
Copyright (C) 2018  Intel Corporation. All rights reserved.
Your use of Intel Corporation's design tools, logic functions 
and other software and tools, and its AMPP partner logic 
functions, and any output files from any of the foregoing 
(including device programming or simulation files), and any 
associated documentation or information are expressly subject 
to the terms and conditions of the Intel Program License 
Subscription Agreement, the Intel Quartus Prime License Agreement,
the Intel FPGA IP License Agreement, or other applicable license
agreement, including, without limitation, that your use is for
the sole purpose of programming logic devices manufactured by
Intel and sold by Intel or its authorized distributors.  Please
refer to the applicable agreement for further details.



+-------------------------------------------------------------------------------+
; Flow Summary                                                                  ;
+---------------------------------+---------------------------------------------+
<<<<<<< HEAD
; Flow Status                     ; Successful - Wed Sep 04 23:02:49 2019       ;
=======
; Flow Status                     ; Successful - Thu Sep 05 13:58:17 2019       ;
>>>>>>> Add direction control
; Quartus Prime Version           ; 18.1.0 Build 625 09/12/2018 SJ Lite Edition ;
; Revision Name                   ; DE10_Nano_Bal                               ;
; Top-level Entity Name           ; DE10_Nano_Bal                               ;
; Family                          ; Cyclone V                                   ;
; Device                          ; 5CSEBA6U23I7                                ;
; Timing Models                   ; Final                                       ;
<<<<<<< HEAD
; Logic utilization (in ALMs)     ; N/A                                         ;
; Total registers                 ; 3731                                        ;
; Total pins                      ; 142                                         ;
; Total virtual pins              ; 0                                           ;
; Total block memory bits         ; 2,492,336                                   ;
; Total DSP Blocks                ; 3                                           ;
=======
; Logic utilization (in ALMs)     ; 2,526 / 41,910 ( 6 % )                      ;
; Total registers                 ; 4149                                        ;
; Total pins                      ; 142 / 314 ( 45 % )                          ;
; Total virtual pins              ; 0                                           ;
; Total block memory bits         ; 2,492,320 / 5,662,720 ( 44 % )              ;
; Total DSP Blocks                ; 3 / 112 ( 3 % )                             ;
>>>>>>> Add direction control
; Total HSSI RX PCSs              ; 0                                           ;
; Total HSSI PMA RX Deserializers ; 0                                           ;
; Total HSSI TX PCSs              ; 0                                           ;
; Total HSSI PMA TX Serializers   ; 0                                           ;
<<<<<<< HEAD
; Total PLLs                      ; 1                                           ;
; Total DLLs                      ; 0                                           ;
=======
; Total PLLs                      ; 1 / 6 ( 17 % )                              ;
; Total DLLs                      ; 0 / 4 ( 0 % )                               ;
>>>>>>> Add direction control
+---------------------------------+---------------------------------------------+


+-----------------------------------------+
; Flow Settings                           ;
+-------------------+---------------------+
; Option            ; Setting             ;
+-------------------+---------------------+
<<<<<<< HEAD
; Start date & time ; 09/04/2019 23:01:15 ;
=======
; Start date & time ; 09/05/2019 13:51:45 ;
>>>>>>> Add direction control
; Main task         ; Compilation         ;
; Revision Name     ; DE10_Nano_Bal       ;
+-------------------+---------------------+


+-----------------------------------------------------------------------------------------------------------------------------------------+
; Flow Non-Default Global Settings                                                                                                        ;
+-------------------------------------+--------------------------------------------------------+---------------+-------------+------------+
; Assignment Name                     ; Value                                                  ; Default Value ; Entity Name ; Section Id ;
+-------------------------------------+--------------------------------------------------------+---------------+-------------+------------+
<<<<<<< HEAD
; COMPILER_SIGNATURE_ID               ; 68794643137579.156760207516868                         ; --            ; --          ; --         ;
=======
; COMPILER_SIGNATURE_ID               ; 198696039690398.156765550412888                        ; --            ; --          ; --         ;
>>>>>>> Add direction control
; ENABLE_SIGNALTAP                    ; Off                                                    ; --            ; --          ; --         ;
; FITTER_EFFORT                       ; Standard Fit                                           ; Auto Fit      ; --          ; --         ;
; MAX_CORE_JUNCTION_TEMP              ; 85                                                     ; --            ; --          ; --         ;
; MIN_CORE_JUNCTION_TEMP              ; 0                                                      ; --            ; --          ; --         ;
; MISC_FILE                           ; Qsys/synthesis/../Qsys.cmp                             ; --            ; --          ; --         ;
; MISC_FILE                           ; Qsys/synthesis/../../Qsys.qsys                         ; --            ; --          ; --         ;
; PARTITION_COLOR                     ; -- (Not supported for targeted family)                 ; --            ; --          ; Top        ;
; PARTITION_FITTER_PRESERVATION_LEVEL ; -- (Not supported for targeted family)                 ; --            ; --          ; Top        ;
; PARTITION_NETLIST_TYPE              ; -- (Not supported for targeted family)                 ; --            ; --          ; Top        ;
; POWER_BOARD_THERMAL_MODEL           ; None (CONSERVATIVE)                                    ; --            ; --          ; --         ;
; POWER_PRESET_COOLING_SOLUTION       ; 23 MM HEAT SINK WITH 200 LFPM AIRFLOW                  ; --            ; --          ; --         ;
; PROJECT_OUTPUT_DIRECTORY            ; output_files                                           ; --            ; --          ; --         ;
; SLD_FILE                            ; Qsys/synthesis/Qsys.regmap                             ; --            ; --          ; --         ;
; SLD_FILE                            ; Qsys/synthesis/Qsys.debuginfo                          ; --            ; --          ; --         ;
<<<<<<< HEAD
; SLD_INFO                            ; QSYS_NAME Qsys HAS_SOPCINFO 1 GENERATION_ID 1567601264 ; --            ; Qsys        ; --         ;
=======
; SLD_INFO                            ; QSYS_NAME Qsys HAS_SOPCINFO 1 GENERATION_ID 1567655386 ; --            ; Qsys        ; --         ;
>>>>>>> Add direction control
; SOPCINFO_FILE                       ; Qsys/synthesis/../../Qsys.sopcinfo                     ; --            ; --          ; --         ;
; SYNTHESIS_ONLY_QIP                  ; On                                                     ; --            ; --          ; --         ;
; USE_SIGNALTAP_FILE                  ; stp2.stp                                               ; --            ; --          ; --         ;
+-------------------------------------+--------------------------------------------------------+---------------+-------------+------------+


+--------------------------------------------------------------------------------------------------------------------------+
; Flow Elapsed Time                                                                                                        ;
+----------------------+--------------+-------------------------+---------------------+------------------------------------+
; Module Name          ; Elapsed Time ; Average Processors Used ; Peak Virtual Memory ; Total CPU Time (on all processors) ;
+----------------------+--------------+-------------------------+---------------------+------------------------------------+
<<<<<<< HEAD
; Analysis & Synthesis ; 00:01:28     ; 1.0                     ; 5142 MB             ; 00:01:59                           ;
; Total                ; 00:01:28     ; --                      ; --                  ; 00:01:59                           ;
=======
; Analysis & Synthesis ; 00:01:20     ; 1.0                     ; 5163 MB             ; 00:01:57                           ;
; Fitter               ; 00:04:43     ; 1.3                     ; 7023 MB             ; 00:13:48                           ;
; Assembler            ; 00:00:16     ; 1.0                     ; 4954 MB             ; 00:00:16                           ;
; Timing Analyzer      ; 00:00:29     ; 2.4                     ; 5479 MB             ; 00:01:01                           ;
; Total                ; 00:06:48     ; --                      ; --                  ; 00:17:02                           ;
>>>>>>> Add direction control
+----------------------+--------------+-------------------------+---------------------+------------------------------------+


+------------------------------------------------------------------------------------+
; Flow OS Summary                                                                    ;
+----------------------+------------------+------------+------------+----------------+
; Module Name          ; Machine Hostname ; OS Name    ; OS Version ; Processor type ;
+----------------------+------------------+------------+------------+----------------+
<<<<<<< HEAD
; Analysis & Synthesis ; Aagi-Lap         ; Windows 10 ; 10.0       ; x86_64         ;
=======
; Analysis & Synthesis ; LAPTOP-3P35SV9U  ; Windows 10 ; 10.0       ; x86_64         ;
; Fitter               ; LAPTOP-3P35SV9U  ; Windows 10 ; 10.0       ; x86_64         ;
; Assembler            ; LAPTOP-3P35SV9U  ; Windows 10 ; 10.0       ; x86_64         ;
; Timing Analyzer      ; LAPTOP-3P35SV9U  ; Windows 10 ; 10.0       ; x86_64         ;
>>>>>>> Add direction control
+----------------------+------------------+------------+------------+----------------+


------------
; Flow Log ;
------------
quartus_map --read_settings_files=on --write_settings_files=off DE10_Nano_Bal -c DE10_Nano_Bal
<<<<<<< HEAD
=======
quartus_fit --read_settings_files=off --write_settings_files=off DE10_Nano_Bal -c DE10_Nano_Bal
quartus_asm --read_settings_files=off --write_settings_files=off DE10_Nano_Bal -c DE10_Nano_Bal
quartus_sta DE10_Nano_Bal -c DE10_Nano_Bal
>>>>>>> Add direction control



